<?xml version="1.0" encoding="UTF-8"?>
<!-- Generated by org.testng.reporters.JUnitXMLReporter -->
<testsuite hostname="RAKESHKUMAR" ignored="0" name="Test" tests="3" failures="1" timestamp="07 May 2019 18:01:59 GMT" time="0.008" errors="0">
  <testcase name="doVerification" time="0.002" classname="regression.TestCase2">
    <failure type="java.lang.AssertionError" message="The following asserts failed:
	expected [false] but found [true],
	expected [true] but found [false],
	expected [false] but found [true]">
      <![CDATA[java.lang.AssertionError: The following asserts failed:
expected [false] but found [true],
expected [true] but found [false],
expected [false] but found [true]
at regression.TestCase2.doVerification(TestCase2.java:24)
... Removed 27 stack frames]]>
    </failure>
  </testcase> <!-- doVerification -->
  <testcase name="doRegistration" time="0.001" classname="regression.TestCase1"/>
  <testcase name="doLogin" time="0.001" classname="regression.TestCase1"/>
</testsuite> <!-- Test -->
